<?xml version="1.0" encoding="UTF-8"?>
<!-- Generated by org.testng.reporters.JUnitXMLReporter -->
<testsuite hostname="DESKTOP-38DLNBP" ignored="0" name="Test 1" tests="1" failures="1" timestamp="10 Dec 2021 06:11:59 GMT" time="127.882" errors="0">
  <testcase name="tc1" time="127.056" classname="org.crossbrowsertesting.Sample">
    <failure type="org.openqa.selenium.WebDriverException" message="chrome not reachable
Build info: version: &amp;apos;3.141.59&amp;apos;, revision: &amp;apos;e82be7d358&amp;apos;, time: &amp;apos;2018-11-14T08:17:03&amp;apos;
System info: host: &amp;apos;DESKTOP-38DLNBP&amp;apos;, ip: &amp;apos;192.168.2.117&amp;apos;, os.name: &amp;apos;Windows 10&amp;apos;, os.arch: &amp;apos;amd64&amp;apos;, os.version: &amp;apos;10.0&amp;apos;, java.version: &amp;apos;1.8.0_301&amp;apos;
Driver info: driver.version: ChromeDriver
remote stacktrace: Backtrace:
	Ordinal0 [0x00C46903+2517251]
	Ordinal0 [0x00BDF8E1+2095329]
	Ordinal0 [0x00AE2710+1058576]
	Ordinal0 [0x00AD75CE+1013198]
	Ordinal0 [0x00B0056E+1181038]
	Ordinal0 [0x00AFCA60+1165920]
	Ordinal0 [0x00AFA2CF+1155791]
	Ordinal0 [0x00B2AAAF+1354415]
	Ordinal0 [0x00B2A71A+1353498]
	Ordinal0 [0x00B2639B+1336219]
	Ordinal0 [0x00B027A7+1189799]
	Ordinal0 [0x00B03609+1193481]
	GetHandleVerifier [0x00DD5904+1577972]
	GetHandleVerifier [0x00E80B97+2279047]
	GetHandleVerifier [0x00CD6D09+534521]
	GetHandleVerifier [0x00CD5DB9+530601]
	Ordinal0 [0x00BE4FF9+2117625]
	Ordinal0 [0x00BE98A8+2136232]
	Ordinal0 [0x00BE99E2+2136546]
	Ordinal0 [0x00BF3541+2176321]
	BaseThreadInitThunk [0x76A46359+25]
	RtlGetAppContainerNamedObjectPath [0x77218964+228]
	RtlGetAppContainerNamedObjectPath [0x77218934+180]
">
      <![CDATA[org.openqa.selenium.WebDriverException: chrome not reachable
Build info: version: '3.141.59', revision: 'e82be7d358', time: '2018-11-14T08:17:03'
System info: host: 'DESKTOP-38DLNBP', ip: '192.168.2.117', os.name: 'Windows 10', os.arch: 'amd64', os.version: '10.0', java.version: '1.8.0_301'
Driver info: driver.version: ChromeDriver
remote stacktrace: Backtrace:
Ordinal0 [0x00C46903+2517251]
Ordinal0 [0x00BDF8E1+2095329]
Ordinal0 [0x00AE2710+1058576]
Ordinal0 [0x00AD75CE+1013198]
Ordinal0 [0x00B0056E+1181038]
Ordinal0 [0x00AFCA60+1165920]
Ordinal0 [0x00AFA2CF+1155791]
Ordinal0 [0x00B2AAAF+1354415]
Ordinal0 [0x00B2A71A+1353498]
Ordinal0 [0x00B2639B+1336219]
Ordinal0 [0x00B027A7+1189799]
Ordinal0 [0x00B03609+1193481]
GetHandleVerifier [0x00DD5904+1577972]
GetHandleVerifier [0x00E80B97+2279047]
GetHandleVerifier [0x00CD6D09+534521]
GetHandleVerifier [0x00CD5DB9+530601]
Ordinal0 [0x00BE4FF9+2117625]
Ordinal0 [0x00BE98A8+2136232]
Ordinal0 [0x00BE99E2+2136546]
Ordinal0 [0x00BF3541+2176321]
BaseThreadInitThunk [0x76A46359+25]
RtlGetAppContainerNamedObjectPath [0x77218964+228]
RtlGetAppContainerNamedObjectPath [0x77218934+180]

at org.openqa.selenium.remote.W3CHandshakeResponse.lambda$errorHandler$0(W3CHandshakeResponse.java:62)
at org.openqa.selenium.remote.HandshakeResponse.lambda$getResponseFunction$0(HandshakeResponse.java:30)
at org.openqa.selenium.remote.ProtocolHandshake.lambda$createSession$0(ProtocolHandshake.java:126)
at java.util.stream.ReferencePipeline$3$1.accept(Unknown Source)
at java.util.Spliterators$ArraySpliterator.tryAdvance(Unknown Source)
at java.util.stream.ReferencePipeline.forEachWithCancel(Unknown Source)
at java.util.stream.AbstractPipeline.copyIntoWithCancel(Unknown Source)
at java.util.stream.AbstractPipeline.copyInto(Unknown Source)
at java.util.stream.AbstractPipeline.wrapAndCopyInto(Unknown Source)
at java.util.stream.FindOps$FindOp.evaluateSequential(Unknown Source)
at java.util.stream.AbstractPipeline.evaluate(Unknown Source)
at java.util.stream.ReferencePipeline.findFirst(Unknown Source)
at org.openqa.selenium.remote.ProtocolHandshake.createSession(ProtocolHandshake.java:128)
at org.openqa.selenium.remote.ProtocolHandshake.createSession(ProtocolHandshake.java:74)
at org.openqa.selenium.remote.HttpCommandExecutor.execute(HttpCommandExecutor.java:136)
at org.openqa.selenium.remote.service.DriverCommandExecutor.execute(DriverCommandExecutor.java:83)
at org.openqa.selenium.remote.RemoteWebDriver.execute(RemoteWebDriver.java:552)
at org.openqa.selenium.remote.RemoteWebDriver.startSession(RemoteWebDriver.java:213)
at org.openqa.selenium.remote.RemoteWebDriver.<init>(RemoteWebDriver.java:131)
at org.openqa.selenium.chrome.ChromeDriver.<init>(ChromeDriver.java:181)
at org.openqa.selenium.chrome.ChromeDriver.<init>(ChromeDriver.java:168)
at org.openqa.selenium.chrome.ChromeDriver.<init>(ChromeDriver.java:123)
at org.crossbrowsertesting.Sample.tc1(Sample.java:29)
at java.util.concurrent.FutureTask.run(Unknown Source)
at java.util.concurrent.ThreadPoolExecutor.runWorker(Unknown Source)
at java.util.concurrent.ThreadPoolExecutor$Worker.run(Unknown Source)
at java.lang.Thread.run(Unknown Source)
... Removed 20 stack frames]]>
    </failure>
  </testcase> <!-- tc1 -->
</testsuite> <!-- Test 1 -->
